<?xml version="1.0" encoding="utf-8"?><testsuites name="pytest tests"><testsuite name="pytest" errors="0" failures="0" skipped="0" tests="23" time="2.904" timestamp="2026-05-10T04:26:17.912861+00:00" hostname="agent-env-103fa6a5-fd73-4511-b15d-df0645a5b768"><testcase classname="backend.tests.test_appointment_hardening" name="test_invalid_start_time_400[25:00]" time="0.343" /><testcase classname="backend.tests.test_appointment_hardening" name="test_invalid_start_time_400[10:5]" time="0.044" /><testcase classname="backend.tests.test_appointment_hardening" name="test_invalid_start_time_400[abc]" time="0.051" /><testcase classname="backend.tests.test_appointment_hardening" name="test_invalid_start_time_400[]" time="0.048" /><testcase classname="backend.tests.test_appointment_hardening" name="test_invalid_start_time_400[10-30]" time="0.044" /><testcase classname="backend.tests.test_appointment_hardening" name="test_invalid_date_400[2026/05/10]" time="0.044" /><testcase classname="backend.tests.test_appointment_hardening" name="test_invalid_date_400[10-05-2026]" time="0.044" /><testcase classname="backend.tests.test_appointment_hardening" name="test_invalid_date_400[2026-13-01]" time="0.046" /><testcase classname="backend.tests.test_appointment_hardening" name="test_invalid_date_400[abcd]" time="0.044" /><testcase classname="backend.tests.test_appointment_hardening" name="test_invalid_date_400[]" time="0.050" /><testcase classname="backend.tests.test_appointment_hardening" name="test_invalid_floating_duration_400[0]" time="0.051" /><testcase classname="backend.tests.test_appointment_hardening" name="test_invalid_floating_duration_400[-10]" time="0.044" /><testcase classname="backend.tests.test_appointment_hardening" name="test_invalid_floating_duration_400[1441]" time="0.043" /><testcase classname="backend.tests.test_appointment_hardening" name="test_invalid_floating_duration_400[99999]" time="0.045" /><testcase classname="backend.tests.test_appointment_hardening" name="test_invalid_status_create_400" time="0.046" /><testcase classname="backend.tests.test_appointment_hardening" name="test_empty_client_name_400" time="0.045" /><testcase classname="backend.tests.test_appointment_hardening" name="test_end_time_overflow_day_400" time="0.042" /><testcase classname="backend.tests.test_appointment_hardening" name="test_patch_status_invalid_400" time="0.309" /><testcase classname="backend.tests.test_appointment_hardening" name="test_two_regulars_overlap_409" time="0.200" /><testcase classname="backend.tests.test_appointment_hardening" name="test_regular_can_be_created_when_only_extras_present" time="0.182" /><testcase classname="backend.tests.test_appointment_hardening" name="test_race_condition_only_one_wins" time="0.308" /><testcase classname="backend.tests.test_appointment_hardening" name="test_render_scenario_primary_plus_extra_both_listed" time="0.326" /><testcase classname="backend.tests.test_appointment_hardening" name="test_stable_ordering_by_created_at" time="0.315" /></testsuite></testsuites>