<?xml version="1.0" encoding="utf-8"?><testsuites name="pytest tests"><testsuite name="pytest" errors="0" failures="0" skipped="0" tests="7" time="1.397" timestamp="2026-05-07T01:15:57.350538+00:00" hostname="agent-env-2c9ffe30-f075-46f4-a3e3-9158d8c2da73"><testcase classname="backend.tests.backend_test" name="test_pin_correct_0000" time="0.169" /><testcase classname="backend.tests.backend_test" name="test_pin_wrong" time="0.054" /><testcase classname="backend.tests.backend_test" name="test_create_appointment_with_client_phone" time="0.332" /><testcase classname="backend.tests.backend_test" name="test_create_floating_appointment_success" time="0.135" /><testcase classname="backend.tests.backend_test" name="test_create_floating_missing_fields_400" time="0.124" /><testcase classname="backend.tests.backend_test" name="test_floating_skips_conflict" time="0.306" /><testcase classname="backend.tests.backend_test" name="test_list_appointments_returns_floating_flag" time="0.218" /></testsuite></testsuites>